{"level":"error","message":"Cast to ObjectId failed for value \"64576c8ae9f8296d55081a\" (type string) at path \"_id\" for model \"user\""}
{"level":"error"}
{"level":"error"}
{"level":"error"}
{"level":"error"}
{"level":"error"}
{"level":"error"}
{"level":"error"}
{"level":"error"}
{"level":"error"}
{"level":"error"}
{"level":"error","message":"err is not defined"}
{"level":"error","message":"np id on body"}
{"level":"error","message":"Cannot read properties of null (reading 'favorites')"}
{"level":"error"}
{"level":"error"}
{"level":"error","message":"Cannot read properties of null (reading 'favorites')"}
{"level":"error","message":"Cannot read properties of null (reading 'favorites')"}
{"level":"error","message":"Cannot read properties of null (reading 'favorites')"}
{"level":"error","message":"Cannot read properties of null (reading 'favorites')"}
{"level":"error","message":"myCache is not defined"}
{"level":"error","message":"myCache.has is not a function"}
{"level":"error","message":"Cannot read properties of undefined (reading 'has')"}
{"level":"error","message":"Cannot read properties of undefined (reading 'has')"}
{"level":"error","message":"Cannot read properties of undefined (reading 'has')"}
{"level":"error","message":"Cannot read properties of undefined (reading 'has')"}
{"level":"error","message":"Cannot read properties of undefined (reading 'has')"}
{"level":"error","message":"myCache.has is not a function"}
{"level":"error","message":"myCache.has is not a function"}
{"level":"error","message":"myCache.has is not a function"}
{"level":"error","message":"myCache.has is not a function"}
{"level":"error","message":"Json is not defined"}
{"level":"error","message":"Unexpected token o in JSON at position 1"}
{"level":"error","message":"Unexpected token o in JSON at position 1"}
{"level":"error","message":"Unexpected token o in JSON at position 1"}
{"level":"error","message":"Unexpected token o in JSON at position 1"}
{"level":"error","message":"Unexpected token u in JSON at position 0"}
{"level":"error","message":"myCache.get(...).trim is not a function"}
{"level":"error","message":"JSON.parsesin is not a function"}
{"level":"error","message":"myCache.exists is not a function"}
{"level":"error","message":"Cannot read properties of null (reading 'favorites')"}
{"level":"error","message":"Cannot read properties of null (reading 'trim')"}
{"level":"error","message":"data is not defined"}
{"level":"error","message":"data is not defined"}
{"level":"error","message":"data is not defined"}
{"level":"error","message":"data is not defined"}
{"level":"error","message":"Cannot read properties of null (reading 'favorites')"}
{"level":"error","message":"data is not defined"}
{"level":"error","message":"Cannot read properties of null (reading 'favorites')"}
{"level":"error","message":"Cannot read properties of null (reading 'favorites')"}
{"level":"error","message":"Cannot read properties of null (reading 'favorites')"}
{"level":"error"}
{"level":"error","message":"Cannot read properties of null (reading 'favorites')"}
{"level":"error"}
{"level":"error","message":"Cannot read properties of null (reading 'favorites')"}
{"level":"error","message":"Cannot read properties of null (reading 'favorites')"}
{"level":"error","message":"Cannot access 'key' before initialization"}
{"level":"error","message":"Cannot read properties of null (reading 'favorites')"}
{"level":"error","message":"Cannot read properties of null (reading 'favorites')"}
{"level":"error","message":"Cannot access 'user' before initialization"}
{"level":"error","message":"Cannot access 'user' before initialization"}
{"level":"error","message":"Cannot access 'user' before initialization"}
{"level":"error","message":"Cannot access 'user' before initialization"}
{"level":"error","message":"Cannot access 'user' before initialization"}
{"level":"error","message":"Cannot read properties of null (reading 'favorites')"}
{"level":"error","message":"Cannot read properties of null (reading 'favorites')"}
{"level":"error","message":"Cannot read properties of null (reading 'favorites')"}
{"level":"error","message":"Cannot read properties of null (reading 'favorites')"}
{"level":"error","message":"Cannot read properties of null (reading 'favorites')"}
{"level":"error","message":"data is not defined"}
{"level":"error","message":"data is not defined"}
{"level":"error","message":"data is not defined"}
{"level":"error","message":"data is not defined"}
{"level":"error","message":"data is not defined"}
{"level":"error","message":"data.trim is not a function"}
{"level":"error","message":"Unexpected token o in JSON at position 1"}
{"level":"error","message":"trim is not defined"}
{"level":"error","message":"data.trim is not a function"}
{"level":"error","message":"data.trim is not a function"}
{"level":"error","message":"Unexpected token s in JSON at position 0"}
{"level":"error","message":"Unexpected token o in JSON at position 1"}
{"level":"error","message":"Cannot read properties of null (reading 'favorites')"}
{"level":"error","message":"arr.filter is not a function"}
{"level":"error","message":"data.trim is not a function"}
{"level":"error","message":"Unexpected token o in JSON at position 1"}
{"level":"error","message":"data.push is not a function"}
{"level":"error","message":"Unexpected token o in JSON at position 1"}
{"level":"error","message":"Converting circular structure to JSON\n    --> starting at object with constructor 'MongoClient'\n    |     property 's' -> object with constructor 'Object'\n    |     property 'sessionPool' -> object with constructor 'ServerSessionPool'\n    --- property 'client' closes the circle"}
{"level":"error","message":"Unexpected token o in JSON at position 1"}
{"level":"error","message":"Converting circular structure to JSON\n    --> starting at object with constructor 'MongoClient'\n    |     property 's' -> object with constructor 'Object'\n    |     property 'sessionPool' -> object with constructor 'ServerSessionPool'\n    --- property 'client' closes the circle"}
{"level":"error","message":"arr.trim is not a function"}
{"level":"error","message":"Converting circular structure to JSON\n    --> starting at object with constructor 'MongoClient'\n    |     property 's' -> object with constructor 'Object'\n    |     property 'sessionPool' -> object with constructor 'ServerSessionPool'\n    --- property 'client' closes the circle"}
{"level":"error","message":"Converting circular structure to JSON\n    --> starting at object with constructor 'MongoClient'\n    |     property 's' -> object with constructor 'Object'\n    |     property 'sessionPool' -> object with constructor 'ServerSessionPool'\n    --- property 'client' closes the circle"}
{"level":"error","message":"Converting circular structure to JSON\n    --> starting at object with constructor 'MongoClient'\n    |     property 's' -> object with constructor 'Object'\n    |     property 'sessionPool' -> object with constructor 'ServerSessionPool'\n    --- property 'client' closes the circle"}
{"level":"error","message":"arr.trim is not a function"}
{"level":"error","message":"Converting circular structure to JSON\n    --> starting at object with constructor 'MongoClient'\n    |     property 's' -> object with constructor 'Object'\n    |     property 'sessionPool' -> object with constructor 'ServerSessionPool'\n    --- property 'client' closes the circle"}
{"level":"error","message":"arr.trim is not a function"}
{"level":"error","message":"Converting circular structure to JSON\n    --> starting at object with constructor 'MongoClient'\n    |     property 's' -> object with constructor 'Object'\n    |     property 'sessionPool' -> object with constructor 'ServerSessionPool'\n    --- property 'client' closes the circle"}
{"level":"error","message":"Cannot convert object to primitive value"}
{"level":"error","message":"console.Log is not a function"}
{"level":"error","message":"Converting circular structure to JSON\n    --> starting at object with constructor 'MongoClient'\n    |     property 's' -> object with constructor 'Object'\n    |     property 'sessionPool' -> object with constructor 'ServerSessionPool'\n    --- property 'client' closes the circle"}
{"level":"error","message":"Converting circular structure to JSON\n    --> starting at object with constructor 'MongoClient'\n    |     property 's' -> object with constructor 'Object'\n    |     property 'sessionPool' -> object with constructor 'ServerSessionPool'\n    --- property 'client' closes the circle"}
{"level":"error","message":"Converting circular structure to JSON\n    --> starting at object with constructor 'MongoClient'\n    |     property 's' -> object with constructor 'Object'\n    |     property 'sessionPool' -> object with constructor 'ServerSessionPool'\n    --- property 'client' closes the circle"}
{"level":"error","message":"Converting circular structure to JSON\n    --> starting at object with constructor 'MongoClient'\n    |     property 's' -> object with constructor 'Object'\n    |     property 'sessionPool' -> object with constructor 'ServerSessionPool'\n    --- property 'client' closes the circle"}
{"level":"error","message":"Plan executor error during findAndModify :: caused by :: E11000 duplicate key error collection: test.users index: user_name_1 dup key: { user_name: \"karin\" }"}
{"level":"error","message":"Plan executor error during findAndModify :: caused by :: E11000 duplicate key error collection: test.users index: user_name_1 dup key: { user_name: \"karin\" }"}
{"level":"error","message":"Plan executor error during findAndModify :: caused by :: E11000 duplicate key error collection: test.users index: user_name_1 dup key: { user_name: \"karin\" }"}
{"level":"error","message":"Plan executor error during findAndModify :: caused by :: E11000 duplicate key error collection: test.users index: user_name_1 dup key: { user_name: \"karin\" }"}
{"level":"error","message":"Plan executor error during findAndModify :: caused by :: E11000 duplicate key error collection: test.users index: user_name_1 dup key: { user_name: \"karin\" }"}
{"level":"error","message":"Cannot read properties of null (reading '_id')"}
{"level":"error","message":"Cannot read properties of null (reading '_id')"}
{"level":"error","message":"Cannot read properties of null (reading '_id')"}
{"level":"error","message":"Invalid argument type"}
{"level":"error","message":"Invalid argument type"}
{"level":"error","message":"Invalid argument type"}
{"level":"error"}
{"level":"error"}
{"level":"error"}
{"level":"error"}
{"level":"error"}
{"level":"error"}
{"level":"error"}
{"level":"error"}
{"level":"error"}
{"level":"error"}
{"level":"error"}
{"level":"error"}
{"level":"error"}
{"level":"error"}
{"level":"error"}
{"level":"error"}
{"level":"error"}
{"level":"error"}
{"level":"error"}
{"level":"error","message":"Invalid argument type"}
{"level":"error","message":"Invalid argument type"}
{"level":"error","message":"Cast to ObjectId failed for value \"{ element: '645399cdf927fbacc7f34946' }\" (type Object) at path \"_id\" for model \"songs\""}
{"level":"error","message":"Invalid argument type"}
{"level":"error","message":"Invalid argument type"}
{"level":"error","message":"Invalid argument type"}
{"level":"error","message":"Invalid argument type"}
{"level":"error","message":"Invalid argument type"}
{"level":"error","message":"Operation `users.findOne()` buffering timed out after 10000ms"}
{"level":"error","message":"Invalid argument type"}
{"level":"error","message":"Invalid argument type"}
{"level":"error","message":"Invalid argument type"}
{"level":"error","message":"Cast to ObjectId failed for value \"{ element: '645399cdf927fbacc7f34946' }\" (type Object) at path \"_id\" for model \"songs\""}
{"level":"error","message":"Invalid argument type"}
{"level":"error","message":"Invalid argument type"}
{"level":"error","message":"$regex has to be a string"}
{"level":"error","message":"$regex has to be a string"}
{"level":"error"}
{"level":"error"}
{"level":"error","message":"user.favorites.populate is not a function"}
{"level":"error","message":"user.favorites.populate is not a function"}
{"level":"error","message":"arrSong is not defined"}
{"level":"error","message":"arrSong is not defined"}
{"level":"error","message":"cant add more"}
{"level":"error","message":"cant add more"}
{"level":"error","message":"cant add more"}
{"level":"error","message":"cant add more"}
{"level":"error","message":"cant add more"}
{"level":"error","message":"cant add more"}
{"level":"error","message":"cant add more"}
{"level":"error","message":"cant add more"}
{"level":"error"}
{"level":"error"}
{"level":"error"}
{"level":"error"}
{"level":"error"}
{"level":"error"}
{"level":"error"}
{"level":"error"}
{"level":"error","message":"worng password"}
{"level":"error"}
{"level":"error"}
{"level":"error","message":"The client is closed"}
{"level":"error","message":"key is not defined"}
{"level":"error","message":"getDataParse is not a function"}
{"level":"error","message":"getDataParse is not defined"}
{"level":"error"}
{"level":"error","message":"arr.filter is not a function"}
{"level":"error"}
{"level":"error"}
{"level":"error"}
{"level":"error"}
{"level":"error","message":"$anwind is not allowed or the syntax is incorrect, see the Atlas documentation for more information"}
{"level":"error","message":"User.aggregate(...).pretty is not a function"}
{"level":"error","message":"the $sort key specification must be an object"}
{"level":"error","message":"User.populate(...).aggregate is not a function"}
{"level":"error","message":"User.find(...).populate(...).aggregate is not a function"}
{"level":"error","message":"User.populate(...).aggregate is not a function"}
{"level":"error","message":"User.populate(...).aggregate is not a function"}
{"level":"error","message":"User.aggregate(...).limit(...).populate is not a function"}
{"level":"error","message":"d.populate is not a function"}
{"level":"error","message":"User.find(...).populate(...).aggregate is not a function"}
{"level":"error","message":"User.find(...).aggregate is not a function"}
{"level":"error","message":"$populate is not allowed or the syntax is incorrect, see the Atlas documentation for more information"}
{"level":"error","message":"$populate is not allowed or the syntax is incorrect, see the Atlas documentation for more information"}
{"level":"error","message":"$populate is not allowed or the syntax is incorrect, see the Atlas documentation for more information"}
{"level":"error","message":"_id is not defined"}
{"level":"error","message":"favorites is not defined"}
{"level":"error","message":"$populate is not allowed or the syntax is incorrect, see the Atlas documentation for more information"}
{"level":"error"}
{"level":"error"}
{"level":"error"}
{"$clusterTime":{"clusterTime":{"$timestamp":"7235240802341879845"},"signature":{"hash":"OrCV8UQiFEWWYdpnqJatx7FlBeg=","keyId":{"high":1676484925,"low":18,"unsigned":false}}},"code":9,"codeName":"FailedToParse","level":"error","ok":0,"operationTime":{"$timestamp":"7235240789456977977"}}
{"$clusterTime":{"clusterTime":{"$timestamp":"7235241098694623267"},"signature":{"hash":"TVCXSDaJbOcdWqCIA1HxeDVidaY=","keyId":{"high":1676484925,"low":18,"unsigned":false}}},"code":9,"codeName":"FailedToParse","level":"error","ok":0,"operationTime":{"$timestamp":"7235241098694623266"}}
{"$clusterTime":{"clusterTime":{"$timestamp":"7235241811659194385"},"signature":{"hash":"K3dEHXmN7qzPE1bSPm9pR0/EUr8=","keyId":{"high":1676484925,"low":18,"unsigned":false}}},"code":9,"codeName":"FailedToParse","level":"error","ok":0,"operationTime":{"$timestamp":"7235241811659194385"}}
{"level":"error"}
{"level":"error"}
{"level":"error"}
{"level":"error"}
{"level":"error"}
{"level":"error"}
{"level":"error"}
{"$clusterTime":{"clusterTime":{"$timestamp":"7235309294185349127"},"signature":{"hash":"4tasb80Gm4/lWNK+fS2L/kiejuQ=","keyId":{"high":1676484925,"low":18,"unsigned":false}}},"code":40234,"codeName":"Location40234","level":"error","ok":0,"operationTime":{"$timestamp":"7235309294185349127"}}
{"code":8000,"codeName":"AtlasError","level":"error","ok":0}
{"level":"error"}
{"level":"error"}
{"level":"error"}
{"$clusterTime":{"clusterTime":{"$timestamp":"7235322269281550394"},"signature":{"hash":"piszqNhNadrAk3fxgk0HkT5Bq98=","keyId":{"high":1676484925,"low":18,"unsigned":false}}},"code":40234,"codeName":"Location40234","level":"error","ok":0,"operationTime":{"$timestamp":"7235322269281550394"}}
{"level":"error"}
{"level":"error"}
{"level":"error"}
{"code":8000,"codeName":"AtlasError","level":"error","ok":0}
{"level":"error"}
{"code":8000,"codeName":"AtlasError","level":"error","ok":0}
{"code":8000,"codeName":"AtlasError","level":"error","ok":0}
{"level":"error","message":"worng password"}
{"level":"error","message":"$regex has to be a string"}
{"level":"error","message":"$regex has to be a string"}
{"level":"error","message":"console.los is not a function"}
{"level":"error","message":"$regex has to be a string"}
{"level":"error","message":"query.length is not a function"}
{"level":"error","message":"query.isEmpty is not a function"}
{"level":"error","message":"co is not defined"}
{"level":"error","message":"query.keys is not a function"}
{"level":"error","message":"co is not defined"}
{"level":"error","message":"isObjEmpty is not defined"}
{"level":"error","message":"obqueryj is not defined"}
{"level":"error","message":"obquery is not defined"}
{"level":"error","message":"bject is not defined"}
{"level":"error","message":"object is not defined"}
{"level":"error","message":"Cannot read properties of null (reading '_id')"}
{"level":"error","message":"Cannot read properties of null (reading '_id')"}
{"level":"error","message":"Cannot read properties of null (reading '_id')"}
{"level":"error","message":"Cannot read properties of null (reading '_id')"}
{"level":"error","message":"Cannot read properties of null (reading '_id')"}
{"level":"error","message":"Cannot read properties of null (reading '_id')"}
{"level":"error","message":"Cannot read properties of null (reading '_id')"}
{"level":"error","message":"Cannot read properties of null (reading '_id')"}
{"level":"error","message":"Cannot read properties of null (reading '_id')"}
{"level":"error","message":"Cannot read properties of null (reading '_id')"}
{"level":"error","message":"Cannot read properties of null (reading '_id')"}
{"level":"error","message":"Cannot read properties of null (reading '_id')"}
{"level":"error","message":"Cannot read properties of null (reading '_id')"}
{"level":"error","message":"Cannot read properties of null (reading '_id')"}
{"level":"error","message":"artist1 is not defined"}
{"level":"error","message":"Cannot read properties of null (reading '_id')"}
{"code":8000,"codeName":"AtlasError","level":"error","ok":0}
{"code":8000,"codeName":"AtlasError","level":"error","ok":0}
{"code":8000,"codeName":"AtlasError","level":"error","ok":0}
{"level":"error"}
{"level":"error"}
{"$clusterTime":{"clusterTime":{"$timestamp":"7235591022565130266"},"signature":{"hash":"SScsX9XR5IcY2d6+W63U2MmQXGE=","keyId":{"high":1676484925,"low":18,"unsigned":false}}},"code":28818,"codeName":"Location28818","level":"error","ok":0,"operationTime":{"$timestamp":"7235591022565130266"}}
{"$clusterTime":{"clusterTime":{"$timestamp":"7235594260970471447"},"signature":{"hash":"tm7pfiYC+ARDJI1x4LaZBIEQeGM=","keyId":{"high":1676484925,"low":18,"unsigned":false}}},"code":2,"codeName":"BadValue","level":"error","ok":0,"operationTime":{"$timestamp":"7235594260970471447"}}
{"$clusterTime":{"clusterTime":{"$timestamp":"7235596743461568513"},"signature":{"hash":"JNcVMVpwwqAKZ1RUFSJwyUtZRFI=","keyId":{"high":1676484925,"low":18,"unsigned":false}}},"code":2,"codeName":"BadValue","level":"error","ok":0,"operationTime":{"$timestamp":"7235596743461568513"}}
{"level":"error"}
{"level":"error"}
{"$clusterTime":{"clusterTime":{"$timestamp":"7235602747825848327"},"signature":{"hash":"pjVSRRwq2fC3obLoDH94CrJum6o=","keyId":{"high":1676484925,"low":18,"unsigned":false}}},"code":28818,"codeName":"Location28818","level":"error","ok":0,"operationTime":{"$timestamp":"7235602747825848327"}}
{"$clusterTime":{"clusterTime":{"$timestamp":"7235604951144071174"},"signature":{"hash":"3AWMH472zMKIFvENG6bR0UWmrPU=","keyId":{"high":1676484925,"low":18,"unsigned":false}}},"code":40234,"codeName":"Location40234","level":"error","ok":0,"operationTime":{"$timestamp":"7235604951144071174"}}
{"$clusterTime":{"clusterTime":{"$timestamp":"7235605187367272472"},"signature":{"hash":"m0R0NfhwWY+O0scCc/5uHtymdYE=","keyId":{"high":1676484925,"low":18,"unsigned":false}}},"code":40234,"codeName":"Location40234","level":"error","ok":0,"operationTime":{"$timestamp":"7235605187367272472"}}
{"$clusterTime":{"clusterTime":{"$timestamp":"7235608357053136917"},"signature":{"hash":"JpqLWsWQnuIw7xC9XIIuBZnuRH8=","keyId":{"high":1676484925,"low":18,"unsigned":false}}},"code":40324,"codeName":"Location40324","level":"error","ok":0,"operationTime":{"$timestamp":"7235608357053136917"}}
{"level":"error"}
{"level":"error"}
{"level":"error"}
{"level":"error"}
{"level":"error"}
{"level":"error"}
{"level":"error"}
{"$clusterTime":{"clusterTime":{"$timestamp":"7235630669408239630"},"signature":{"hash":"actROUXdhOoj8grlqvl8EEFZ6ng=","keyId":{"high":1676484925,"low":18,"unsigned":false}}},"code":40324,"codeName":"Location40324","level":"error","ok":0,"operationTime":{"$timestamp":"7235630669408239630"}}
{"$clusterTime":{"clusterTime":{"$timestamp":"7235671875324477465"},"signature":{"hash":"/OBhYR60Hda/o9wnRKD4tWAwy+A=","keyId":{"high":1676484925,"low":18,"unsigned":false}}},"code":40324,"codeName":"Location40324","level":"error","ok":0,"operationTime":{"$timestamp":"7235671875324477465"}}
{"level":"error"}
{"level":"error"}
{"level":"error"}
{"level":"error"}
{"level":"error","message":"secound is not defined"}
{"level":"error","message":"body is not defined"}
{"$clusterTime":{"clusterTime":{"$timestamp":"7235972737783562269"},"signature":{"hash":"G360yN8UO+ol/2uQ5cyZA7Jebrk=","keyId":{"high":1676484925,"low":18,"unsigned":false}}},"code":2,"codeName":"BadValue","level":"error","ok":0,"operationTime":{"$timestamp":"7235972737783562269"}}
{"$clusterTime":{"clusterTime":{"$timestamp":"7235973497992773640"},"signature":{"hash":"jIjcOEYT37Xx/HoWCJg7ZLmeVwY=","keyId":{"high":1676484925,"low":18,"unsigned":false}}},"code":241,"codeName":"ConversionFailure","level":"error","ok":0,"operationTime":{"$timestamp":"7235973497992773640"}}
{"$clusterTime":{"clusterTime":{"$timestamp":"7235974644749041721"},"signature":{"hash":"tUxaIIUp9XeJpFLCszH0CqoYM/4=","keyId":{"high":1676484925,"low":18,"unsigned":false}}},"code":16878,"codeName":"Location16878","level":"error","ok":0,"operationTime":{"$timestamp":"7235974644749041721"}}
{"$clusterTime":{"clusterTime":{"$timestamp":"7235974734943354901"},"signature":{"hash":"rxHJR3F3YdS/VVvFfb4bGpq/OXM=","keyId":{"high":1676484925,"low":18,"unsigned":false}}},"code":16879,"codeName":"Location16879","level":"error","ok":0,"operationTime":{"$timestamp":"7235974734943354901"}}
{"$clusterTime":{"clusterTime":{"$timestamp":"7235974739238322191"},"signature":{"hash":"XVJVNfMDUrfkcjpBCtiyVzWojc8=","keyId":{"high":1676484925,"low":18,"unsigned":false}}},"code":16879,"codeName":"Location16879","level":"error","ok":0,"operationTime":{"$timestamp":"7235974739238322191"}}
{"$clusterTime":{"clusterTime":{"$timestamp":"7235975241749495820"},"signature":{"hash":"7diCXxxlOY2AODmjEyfBx4JNW90=","keyId":{"high":1676484925,"low":18,"unsigned":false}}},"code":40324,"codeName":"Location40324","level":"error","ok":0,"operationTime":{"$timestamp":"7235975241749495820"}}
{"$clusterTime":{"clusterTime":{"$timestamp":"7235975435023024160"},"signature":{"hash":"m0UKTfyVKryQLoo8vuoGNcNjE34=","keyId":{"high":1676484925,"low":18,"unsigned":false}}},"code":241,"codeName":"ConversionFailure","level":"error","ok":0,"operationTime":{"$timestamp":"7235975435023024160"}}
{"$clusterTime":{"clusterTime":{"$timestamp":"7235975645476421654"},"signature":{"hash":"1SrLzmZLTdc8L2ZS9KpqT2nlCF4=","keyId":{"high":1676484925,"low":18,"unsigned":false}}},"code":16879,"codeName":"Location16879","level":"error","ok":0,"operationTime":{"$timestamp":"7235975645476421654"}}
{"$clusterTime":{"clusterTime":{"$timestamp":"7235976311196352515"},"signature":{"hash":"TUixFAJ6u6TOfsMcpXOZbvQHgBs=","keyId":{"high":1676484925,"low":18,"unsigned":false}}},"code":241,"codeName":"ConversionFailure","level":"error","ok":0,"operationTime":{"$timestamp":"7235976311196352515"}}
{"$clusterTime":{"clusterTime":{"$timestamp":"7235976435750404122"},"signature":{"hash":"z1QIiPkXSBhi15jbhAwqso8U8JE=","keyId":{"high":1676484925,"low":18,"unsigned":false}}},"code":241,"codeName":"ConversionFailure","level":"error","ok":0,"operationTime":{"$timestamp":"7235976435750404122"}}
{"$clusterTime":{"clusterTime":{"$timestamp":"7235976671973605398"},"signature":{"hash":"HkG62wms56xGLh3Jtaz5CkAHBIM=","keyId":{"high":1676484925,"low":18,"unsigned":false}}},"code":241,"codeName":"ConversionFailure","level":"error","ok":0,"operationTime":{"$timestamp":"7235976671973605397"}}
{"$clusterTime":{"clusterTime":{"$timestamp":"7235978196686995485"},"signature":{"hash":"dW2vtGFUjGrhrKP2EEaK2AInZyw=","keyId":{"high":1676484925,"low":18,"unsigned":false}}},"code":2,"codeName":"BadValue","level":"error","ok":0,"operationTime":{"$timestamp":"7235978196686995485"}}
{"$clusterTime":{"clusterTime":{"$timestamp":"7235978372780654619"},"signature":{"hash":"L9KmdeMYlENpWSGUNW7ur5Hkt24=","keyId":{"high":1676484925,"low":18,"unsigned":false}}},"code":2,"codeName":"BadValue","level":"error","ok":0,"operationTime":{"$timestamp":"7235978372780654619"}}
{"$clusterTime":{"clusterTime":{"$timestamp":"7235984901130944586"},"signature":{"hash":"moORIUj65BHGLLj5gRExn7zYMps=","keyId":{"high":1676484925,"low":18,"unsigned":false}}},"code":2,"codeName":"BadValue","level":"error","ok":0,"operationTime":{"$timestamp":"7235984901130944586"}}
{"$clusterTime":{"clusterTime":{"$timestamp":"7235986550398386212"},"signature":{"hash":"V6mykkyoDKrrmNUIGMLfx5mLcjs=","keyId":{"high":1676484925,"low":18,"unsigned":false}}},"code":2,"codeName":"BadValue","level":"error","ok":0,"operationTime":{"$timestamp":"7235986550398386212"}}
{"$clusterTime":{"clusterTime":{"$timestamp":"7235996785305452551"},"signature":{"hash":"PMD86dHCstqd8vlK3MqUp8MIDbo=","keyId":{"high":1676484925,"low":18,"unsigned":false}}},"code":2,"codeName":"BadValue","level":"error","ok":0,"operationTime":{"$timestamp":"7235996785305452551"}}
{"$clusterTime":{"clusterTime":{"$timestamp":"7236002712360321070"},"signature":{"hash":"nWhxcBD/DB/UNxKPsluR7RBFgA0=","keyId":{"high":1676484925,"low":18,"unsigned":false}}},"code":168,"codeName":"InvalidPipelineOperator","level":"error","ok":0,"operationTime":{"$timestamp":"7236002712360321070"}}
{"$clusterTime":{"clusterTime":{"$timestamp":"7236008605055451140"},"signature":{"hash":"bFDcq4InY8oVBtnkfJ6VjvgRWm8=","keyId":{"high":1676484925,"low":18,"unsigned":false}}},"code":2,"codeName":"BadValue","level":"error","ok":0,"operationTime":{"$timestamp":"7236008605055451140"}}
{"level":"error"}
{"level":"error"}
{"level":"error"}
{"level":"error"}
{"level":"error"}
{"level":"error"}
{"level":"error"}
{"level":"error"}
{"level":"error","message":"TypeError: song.populat is not a function\n    at addNewSong (C:\\project\\music_player\\back\\controller\\songC.js:43:30)\n    at processTicksAndRejections (node:internal/process/task_queues:96:5)"}
{"level":"error","message":"TypeError: song.populat is not a function\n    at addNewSong (C:\\project\\music_player\\back\\controller\\songC.js:43:30)\n    at processTicksAndRejections (node:internal/process/task_queues:96:5)"}
{"level":"error","message":"TypeError: song.populat is not a function\n    at addNewSong (C:\\project\\music_player\\back\\controller\\songC.js:43:30)\n    at processTicksAndRejections (node:internal/process/task_queues:96:5)"}
